[debug] [2021-03-22T20:24:04.568Z] ----------------------------------------------------------------------
[debug] [2021-03-22T20:24:04.583Z] Command:       C:\Program Files\nodejs\node.exe C:\Users\Rizky\AppData\Roaming\npm\node_modules\firebase-tools\lib\bin\firebase.js init
[debug] [2021-03-22T20:24:04.584Z] CLI Version:   9.6.1
[debug] [2021-03-22T20:24:04.585Z] Platform:      win32
[debug] [2021-03-22T20:24:04.586Z] Node Version:  v12.18.3
[debug] [2021-03-22T20:24:04.590Z] Time:          Tue Mar 23 2021 03:24:04 GMT+0700 (GMT+07:00)
[debug] [2021-03-22T20:24:04.591Z] ----------------------------------------------------------------------
[debug] [2021-03-22T20:24:04.592Z] 
[debug] [2021-03-22T20:24:04.629Z] > command requires scopes: ["email","openid","https://www.googleapis.com/auth/cloudplatformprojects.readonly","https://www.googleapis.com/auth/firebase","https://www.googleapis.com/auth/cloud-platform"]
[debug] [2021-03-22T20:24:04.632Z] > authorizing via signed-in user
[info] 
     ######## #### ########  ######## ########     ###     ######  ########
     ##        ##  ##     ## ##       ##     ##  ##   ##  ##       ##
     ######    ##  ########  ######   ########  #########  ######  ######
     ##        ##  ##    ##  ##       ##     ## ##     ##       ## ##
     ##       #### ##     ## ######## ########  ##     ##  ######  ########

You're about to initialize a Firebase project in this directory:

  C:\Users\Rizky\Desktop\webrtc-firebase-demo

[info] 
=== Project Setup
[info] 
[info] First, let's associate this project directory with a Firebase project.
[info] You can create multiple project aliases by running firebase use --add, 
[info] but for now we'll just set up a default project.
[info] 
[debug] [2021-03-22T20:24:12.320Z] > refreshing access token with scopes: []
[debug] [2021-03-22T20:24:12.323Z] >>> HTTP REQUEST POST https://www.googleapis.com/oauth2/v3/token  
 <request body omitted>
[debug] [2021-03-22T20:24:13.004Z] <<< HTTP RESPONSE 400 {"cache-control":"no-cache, no-store, max-age=0, must-revalidate","expires":"Mon, 01 Jan 1990 00:00:00 GMT","date":"Mon, 22 Mar 2021 20:24:11 GMT","pragma":"no-cache","content-type":"application/json; charset=utf-8","vary":"X-Origin, Referer, Origin,Accept-Encoding","server":"scaffolding on HTTPServer2","x-xss-protection":"0","x-frame-options":"SAMEORIGIN","x-content-type-options":"nosniff","alt-svc":"h3-29=\":443\"; ma=2592000,h3-T051=\":443\"; ma=2592000,h3-Q050=\":443\"; ma=2592000,h3-Q046=\":443\"; ma=2592000,h3-Q043=\":443\"; ma=2592000,quic=\":443\"; ma=2592000; v=\"46,43\"","accept-ranges":"none","transfer-encoding":"chunked"}
[debug] [2021-03-22T20:24:13.019Z] >>> [apiv2][query] GET https://firebase.googleapis.com/v1beta1/projects pageSize=100
[debug] [2021-03-22T20:24:13.557Z] <<< [apiv2][status] GET https://firebase.googleapis.com/v1beta1/projects 401
[debug] [2021-03-22T20:24:13.558Z] <<< [apiv2][body] GET https://firebase.googleapis.com/v1beta1/projects [omitted]
[debug] [2021-03-22T20:24:13.561Z] HTTP Error: 401, Request had invalid authentication credentials. Expected OAuth 2 access token, login cookie or other valid authentication credential. See https://developers.google.com/identity/sign-in/web/devconsole-project.
[debug] [2021-03-22T20:24:13.863Z] FirebaseError: HTTP Error: 401, Request had invalid authentication credentials. Expected OAuth 2 access token, login cookie or other valid authentication credential. See https://developers.google.com/identity/sign-in/web/devconsole-project.
    at module.exports (C:\Users\Rizky\AppData\Roaming\npm\node_modules\firebase-tools\lib\responseToError.js:38:12)
    at Client.doRequest (C:\Users\Rizky\AppData\Roaming\npm\node_modules\firebase-tools\lib\apiv2.js:238:23)
    at processTicksAndRejections (internal/process/task_queues.js:97:5)
    at async Client.request (C:\Users\Rizky\AppData\Roaming\npm\node_modules\firebase-tools\lib\apiv2.js:96:20)
    at async getProjectPage (C:\Users\Rizky\AppData\Roaming\npm\node_modules\firebase-tools\lib\management\projects.js:232:17)
    at async getFirebaseProjectPage (C:\Users\Rizky\AppData\Roaming\npm\node_modules\firebase-tools\lib\management\projects.js:249:23)
    at async selectProjectInteractively (C:\Users\Rizky\AppData\Roaming\npm\node_modules\firebase-tools\lib\management\projects.js:95:41)
    at async Object.doSetup [as project] (C:\Users\Rizky\AppData\Roaming\npm\node_modules\firebase-tools\lib\init\features\project.js:87:27)
    at async init (C:\Users\Rizky\AppData\Roaming\npm\node_modules\firebase-tools\lib\init\index.js:19:9)
[error] 
[error] Error: Failed to list Firebase projects. See firebase-debug.log for more info.
